<?xml version="1.0" encoding="UTF-8"?>
<!-- Generated by org.testng.reporters.JUnitReportReporter -->
<testsuite hostname="DESKTOP-G839QLC" failures="0" tests="1" name="test.PageTest" time="10.195" errors="0" timestamp="2021-09-01T18:47:09 PET" skipped="0">
  <testcase classname="test.PageTest" name="registerTest" time="10.195"/>
  <system-out/>
</testsuite> <!-- test.PageTest -->
