<?xml version="1.0" encoding="UTF-8"?>
<!-- Generated by org.testng.reporters.JUnitReportReporter -->
<testsuite hostname="LENOVO-520" failures="0" tests="1" name="test.PageTest" time="15.231" errors="0" timestamp="2021-09-03T08:28:30 COT" skipped="0">
  <testcase classname="test.PageTest" name="registerTest" time="15.231"/>
  <system-out/>
</testsuite> <!-- test.PageTest -->
